This is pdfeTeX, Version 3.141592-1.21a-2.2 (Web2C 7.5.4) (format=latex 2006.8.23)  4 AUG 2008 17:56
entering extended mode
**refman.tex
(./refman.tex
LaTeX2e <2003/12/01>
Babel <v3.8d> and hyphenation patterns for american, french, german, ngerman, b
ahasa, basque, bulgarian, catalan, croatian, czech, danish, dutch, esperanto, e
stonian, finnish, greek, icelandic, irish, italian, latin, magyar, norsk, polis
h, portuges, romanian, russian, serbian, slovak, slovene, spanish, swedish, tur
kish, ukrainian, nohyphenation, loaded.
(/usr/share/texmf/tex/latex/base/book.cls
Document Class: book 2004/02/16 v1.4f Standard LaTeX document class
(/usr/share/texmf/tex/latex/base/bk10.clo
File: bk10.clo 2004/02/16 v1.4f Standard LaTeX file (size option)
)
\c@part=\count79
\c@chapter=\count80
\c@section=\count81
\c@subsection=\count82
\c@subsubsection=\count83
\c@paragraph=\count84
\c@subparagraph=\count85
\c@figure=\count86
\c@table=\count87
\abovecaptionskip=\skip41
\belowcaptionskip=\skip42
\bibindent=\dimen102
)
(/usr/share/texmf/tex/latex/a4wide/a4wide.sty
Package: a4wide 1994/08/30

(/usr/share/texmf/tex/latex/ntgclass/a4.sty
Package: a4 2004/04/15 v1.2g A4 based page layout
))
(/usr/share/texmf/tex/latex/base/makeidx.sty
Package: makeidx 2000/03/29 v1.0m Standard LaTeX package
)
(/usr/share/texmf/tex/latex/fancyhdr/fancyhdr.sty
\fancy@headwidth=\skip43
\f@ncyO@elh=\skip44
\f@ncyO@erh=\skip45
\f@ncyO@olh=\skip46
\f@ncyO@orh=\skip47
\f@ncyO@elf=\skip48
\f@ncyO@erf=\skip49
\f@ncyO@olf=\skip50
\f@ncyO@orf=\skip51
)
(/usr/share/texmf/tex/latex/graphics/graphicx.sty
Package: graphicx 1999/02/16 v1.0f Enhanced LaTeX Graphics (DPC,SPQR)

(/usr/share/texmf/tex/latex/graphics/keyval.sty
Package: keyval 1999/03/16 v1.13 key=value parser (DPC)
\KV@toks@=\toks14
)
(/usr/share/texmf/tex/latex/graphics/graphics.sty
Package: graphics 2001/07/07 v1.0n Standard LaTeX Graphics (DPC,SPQR)

(/usr/share/texmf/tex/latex/graphics/trig.sty
Package: trig 1999/03/16 v1.09 sin cos tan (DPC)
)
(/usr/share/texmf/tex/latex/graphics/graphics.cfg
File: graphics.cfg 2005/02/03 v1.3 graphics configuration of teTeX/TeXLive
)
Package graphics Info: Driver file: dvips.def on input line 80.

(/usr/share/texmf/tex/latex/graphics/dvips.def
File: dvips.def 1999/02/16 v3.0i Driver-dependant file (DPC,SPQR)
))
\Gin@req@height=\dimen103
\Gin@req@width=\dimen104
)
(/usr/share/texmf/tex/latex/tools/multicol.sty
Package: multicol 2004/02/14 v1.6e multicolumn formatting (FMi)
\c@tracingmulticols=\count88
\mult@box=\box26
\multicol@leftmargin=\dimen105
\c@unbalance=\count89
\c@collectmore=\count90
\doublecol@number=\count91
\multicoltolerance=\count92
\multicolpretolerance=\count93
\full@width=\dimen106
\page@free=\dimen107
\premulticols=\dimen108
\postmulticols=\dimen109
\multicolsep=\skip52
\multicolbaselineskip=\skip53
\partial@page=\box27
\last@line=\box28
\mult@rightbox=\box29
\mult@grightbox=\box30
\mult@gfirstbox=\box31
\mult@firstbox=\box32
\@tempa=\box33
\@tempa=\box34
\@tempa=\box35
\@tempa=\box36
\@tempa=\box37
\@tempa=\box38
\@tempa=\box39
\@tempa=\box40
\@tempa=\box41
\@tempa=\box42
\@tempa=\box43
\@tempa=\box44
\@tempa=\box45
\@tempa=\box46
\@tempa=\box47
\@tempa=\box48
\@tempa=\box49
\c@columnbadness=\count94
\c@finalcolumnbadness=\count95
\last@try=\dimen110
\multicolovershoot=\dimen111
\multicolundershoot=\dimen112
\mult@nat@firstbox=\box50
\colbreak@box=\box51
)
(/usr/share/texmf/tex/latex/float/float.sty
Package: float 2001/11/08 v1.3d Float enhancements (AL)
\c@float@type=\count96
\float@exts=\toks15
\float@box=\box52
\@float@everytoks=\toks16
\@floatcapt=\box53
)
(/usr/share/texmf/tex/latex/base/textcomp.sty
Package: textcomp 2004/02/22 v1.99f Standard LaTeX package
Package textcomp Info: Sub-encoding information:
(textcomp)               5 = only ISO-Adobe without \textcurrency
(textcomp)               4 = 5 + \texteuro
(textcomp)               3 = 4 + \textohm
(textcomp)               2 = 3 + \textestimated + \textcurrency
(textcomp)               1 = TS1 - \textcircled - \t
(textcomp)               0 = TS1 (full)
(textcomp)             Font families with sub-encoding setting implement
(textcomp)             only a restricted character set as indicated.
(textcomp)             Family '?' is the default used for unknown fonts.
(textcomp)             See the documentation for details.
Package textcomp Info: Setting ? sub-encoding to TS1/1 on input line 71.

(/usr/share/texmf/tex/latex/base/ts1enc.def
File: ts1enc.def 2001/06/05 v3.0e (jk/car/fm) Standard LaTeX file
)
LaTeX Info: Redefining \oldstylenums on input line 266.
Package textcomp Info: Setting cmr sub-encoding to TS1/0 on input line 281.
Package textcomp Info: Setting cmss sub-encoding to TS1/0 on input line 282.
Package textcomp Info: Setting cmtt sub-encoding to TS1/0 on input line 283.
Package textcomp Info: Setting cmvtt sub-encoding to TS1/0 on input line 284.
Package textcomp Info: Setting cmbr sub-encoding to TS1/0 on input line 285.
Package textcomp Info: Setting cmtl sub-encoding to TS1/0 on input line 286.
Package textcomp Info: Setting ccr sub-encoding to TS1/0 on input line 287.
Package textcomp Info: Setting ptm sub-encoding to TS1/4 on input line 288.
Package textcomp Info: Setting pcr sub-encoding to TS1/4 on input line 289.
Package textcomp Info: Setting phv sub-encoding to TS1/4 on input line 290.
Package textcomp Info: Setting ppl sub-encoding to TS1/3 on input line 291.
Package textcomp Info: Setting pag sub-encoding to TS1/4 on input line 292.
Package textcomp Info: Setting pbk sub-encoding to TS1/4 on input line 293.
Package textcomp Info: Setting pnc sub-encoding to TS1/4 on input line 294.
Package textcomp Info: Setting pzc sub-encoding to TS1/4 on input line 295.
Package textcomp Info: Setting bch sub-encoding to TS1/4 on input line 296.
Package textcomp Info: Setting put sub-encoding to TS1/5 on input line 297.
Package textcomp Info: Setting uag sub-encoding to TS1/5 on input line 298.
Package textcomp Info: Setting ugq sub-encoding to TS1/5 on input line 299.
Package textcomp Info: Setting ul8 sub-encoding to TS1/4 on input line 300.
Package textcomp Info: Setting ul9 sub-encoding to TS1/4 on input line 301.
Package textcomp Info: Setting augie sub-encoding to TS1/5 on input line 302.
Package textcomp Info: Setting dayrom sub-encoding to TS1/3 on input line 303.
Package textcomp Info: Setting dayroms sub-encoding to TS1/3 on input line 304.

Package textcomp Info: Setting pxr sub-encoding to TS1/0 on input line 305.
Package textcomp Info: Setting pxss sub-encoding to TS1/0 on input line 306.
Package textcomp Info: Setting pxtt sub-encoding to TS1/0 on input line 307.
Package textcomp Info: Setting txr sub-encoding to TS1/0 on input line 308.
Package textcomp Info: Setting txss sub-encoding to TS1/0 on input line 309.
Package textcomp Info: Setting txtt sub-encoding to TS1/0 on input line 310.
Package textcomp Info: Setting futs sub-encoding to TS1/4 on input line 311.
Package textcomp Info: Setting futx sub-encoding to TS1/4 on input line 312.
Package textcomp Info: Setting futj sub-encoding to TS1/4 on input line 313.
Package textcomp Info: Setting hlh sub-encoding to TS1/3 on input line 314.
Package textcomp Info: Setting hls sub-encoding to TS1/3 on input line 315.
Package textcomp Info: Setting hlst sub-encoding to TS1/3 on input line 316.
Package textcomp Info: Setting hlct sub-encoding to TS1/5 on input line 317.
Package textcomp Info: Setting hlx sub-encoding to TS1/5 on input line 318.
Package textcomp Info: Setting hlce sub-encoding to TS1/5 on input line 319.
Package textcomp Info: Setting hlcn sub-encoding to TS1/5 on input line 320.
Package textcomp Info: Setting hlcw sub-encoding to TS1/5 on input line 321.
Package textcomp Info: Setting hlcf sub-encoding to TS1/5 on input line 322.
Package textcomp Info: Setting pplx sub-encoding to TS1/3 on input line 323.
Package textcomp Info: Setting pplj sub-encoding to TS1/3 on input line 324.
Package textcomp Info: Setting ptmx sub-encoding to TS1/4 on input line 325.
Package textcomp Info: Setting ptmj sub-encoding to TS1/4 on input line 326.
)
(/usr/share/texmf/tex/latex/base/alltt.sty
Package: alltt 1997/06/16 v2.0g defines alltt environment
) (./doxygen.sty
Package: doxygen 

(/usr/share/texmf/tex/latex/tools/calc.sty
Package: calc 1998/07/07 v4.1b Infix arithmetic (KKT,FJ)
\calc@Acount=\count97
\calc@Bcount=\count98
\calc@Adimen=\dimen113
\calc@Bdimen=\dimen114
\calc@Askip=\skip54
\calc@Bskip=\skip55
LaTeX Info: Redefining \setlength on input line 59.
LaTeX Info: Redefining \addtolength on input line 60.
\calc@denominator=\count99
)
(/usr/share/texmf/tex/latex/tools/array.sty
Package: array 2003/12/17 v2.4a Tabular extension package (FMi)
\col@sep=\dimen115
\extrarowheight=\dimen116
\NC@list=\toks17
\extratabsurround=\skip56
\backup@length=\skip57
)
\tmplength=\skip58
)
(/usr/share/texmf/tex/latex/base/fontenc.sty
Package: fontenc 2004/02/22 v1.99f Standard LaTeX package

(/usr/share/texmf/tex/latex/base/t1enc.def
File: t1enc.def 2004/02/22 v1.99f Standard LaTeX file
LaTeX Font Info:    Redeclaring font encoding T1 on input line 43.
))
\@indexfile=\write3
\openout3 = `refman.idx'.


Writing index file refman.idx
(./refman.aux (./seriallibRTAI_8h.aux))
\openout1 = `refman.aux'.

LaTeX Font Info:    Checking defaults for OML/cmm/m/it on input line 14.
LaTeX Font Info:    ... okay on input line 14.
LaTeX Font Info:    Checking defaults for T1/cmr/m/n on input line 14.
LaTeX Font Info:    ... okay on input line 14.
LaTeX Font Info:    Checking defaults for OT1/cmr/m/n on input line 14.
LaTeX Font Info:    ... okay on input line 14.
LaTeX Font Info:    Checking defaults for OMS/cmsy/m/n on input line 14.
LaTeX Font Info:    ... okay on input line 14.
LaTeX Font Info:    Checking defaults for OMX/cmex/m/n on input line 14.
LaTeX Font Info:    ... okay on input line 14.
LaTeX Font Info:    Checking defaults for U/cmr/m/n on input line 14.
LaTeX Font Info:    ... okay on input line 14.
LaTeX Font Info:    Checking defaults for TS1/cmr/m/n on input line 14.
LaTeX Font Info:    Try loading font information for TS1+cmr on input line 14.

(/usr/share/texmf/tex/latex/base/ts1cmr.fd
File: ts1cmr.fd 1999/05/25 v2.5h Standard LaTeX font definitions
)
LaTeX Font Info:    ... okay on input line 14.
 [1


] [2

] (./refman.toc
LaTeX Font Info:    External font `cmex10' loaded for size
(Font)              <7> on input line 3.
LaTeX Font Info:    External font `cmex10' loaded for size
(Font)              <5> on input line 3.
)
\tf@toc=\write4
\openout4 = `refman.toc'.

 [1

] [2

]
Chapter 1.
(./index.tex) [1

] [2

]
Chapter 2.
(./annotated.tex) [3] [4

]
Chapter 3.
(./files.tex) [5] [6

]
Chapter 4.
(./structSERIALPORTCONFIG.tex
LaTeX Font Info:    Try loading font information for T1+cmtt on input line 3.
 (/usr/share/texmf/tex/latex/base/t1cmtt.fd
File: t1cmtt.fd 1999/05/25 v2.5h Standard LaTeX font definitions
))
[7] [8]
Chapter 5.
(./seriallibRTAI_8c.tex
Underfull \hbox (badness 1874) in paragraph at lines 37--39
[]\T1/cmr/bx/n/10 int seriallib-RTAI_-receivebyte (PSE-RI-AL-PORT-CON-FIG p-Ser
ial-Port-Config,
 []

[9

] [10] [11] [12]
Underfull \hbox (badness 10000) in paragraph at lines 194--194
[]\T1/cmr/m/n/10 As más-caras acima cor-re-spon-dem a even-tos que são de-tal-h
a-dos em
 []

) [13]
\openout2 = `seriallibRTAI_8h.aux'.

 (./seriallibRTAI_8h.tex
Underfull \hbox (badness 10000) in paragraph at lines 31--33
[]\T1/cmr/bx/n/10 #define SERIALLIBRTAI_-STATUSMASK_-EMPTY_-DH_-
 []


Underfull \hbox (badness 1874) in paragraph at lines 57--59
[]\T1/cmr/bx/n/10 int seriallib-RTAI_-receivebyte (PSE-RI-AL-PORT-CON-FIG p-Ser
ial-Port-Config,
 []

[14

]
Underfull \vbox (badness 10000) has occurred while \output is active []

 [15]
[16] [17]
Underfull \hbox (badness 10000) in paragraph at lines 271--271
[]\T1/cmr/m/n/10 As más-caras acima cor-re-spon-dem a even-tos que são de-tal-h
a-dos em
 []

) [18] (./refman.ind
Underfull \hbox (badness 10000) in paragraph at lines 27--28
[]| \T1/cmr/m/n/10 SERIALLIBRTAI_-
 []


Underfull \hbox (badness 10000) in paragraph at lines 28--29
[]| \T1/cmr/m/n/10 SERIALLIBRTAI_-
 []


Underfull \hbox (badness 10000) in paragraph at lines 29--30
[]| \T1/cmr/m/n/10 SERIALLIBRTAI_-
 []


Underfull \hbox (badness 10000) in paragraph at lines 30--31
[]| \T1/cmr/m/n/10 SERIALLIBRTAI_-
 []


Underfull \hbox (badness 10000) in paragraph at lines 41--42
[]| \T1/cmr/m/n/10 SERIALLIBRTAI_-ERROR_-
 []


Underfull \hbox (badness 10000) in paragraph at lines 41--42
\T1/cmr/m/n/10 INCORRECTPORTNUMBER,
 []


Underfull \hbox (badness 10000) in paragraph at lines 43--44
[]| \T1/cmr/m/n/10 SERIALLIBRTAI_-ERROR_-
 []


Underfull \hbox (badness 10000) in paragraph at lines 44--45
[]| \T1/cmr/m/n/10 SERIALLIBRTAI_-ERROR_-
 []


Overfull \hbox (1.27682pt too wide) in paragraph at lines 44--45
\T1/cmr/m/n/10 MAXWAITENDOFTRANSMISSION,
 []


Underfull \hbox (badness 10000) in paragraph at lines 45--46
[]| \T1/cmr/m/n/10 SERIALLIBRTAI_-ERROR_-
 []


Underfull \hbox (badness 10000) in paragraph at lines 47--48
[]| \T1/cmr/m/n/10 SERIALLIBRTAI_-
 []


Underfull \hbox (badness 10000) in paragraph at lines 53--54
[]| \T1/cmr/m/n/10 SERIALLIBRTAI_-STATUSMASK_-
 []


Underfull \hbox (badness 10000) in paragraph at lines 54--56
[]| \T1/cmr/m/n/10 SERIALLIBRTAI_-STATUSMASK_-
 []


Underfull \hbox (badness 10000) in paragraph at lines 56--58
[]| \T1/cmr/m/n/10 SERIALLIBRTAI_-STATUSMASK_-
 []


Underfull \hbox (badness 10000) in paragraph at lines 58--59
[]| \T1/cmr/m/n/10 SERIALLIBRTAI_-STATUSMASK_-
 []


Underfull \hbox (badness 10000) in paragraph at lines 59--60
[]| \T1/cmr/m/n/10 SERIALLIBRTAI_-STATUSMASK_-
 []


Underfull \hbox (badness 10000) in paragraph at lines 60--61
[]| \T1/cmr/m/n/10 SERIALLIBRTAI_-STATUSMASK_-
 []


Underfull \hbox (badness 10000) in paragraph at lines 61--62
[]| \T1/cmr/m/n/10 SERIALLIBRTAI_-STATUSMASK_-
 []


Underfull \hbox (badness 10000) in paragraph at lines 62--63
[]| \T1/cmr/m/n/10 SERIALLIBRTAI_-STATUSMASK_-
 []


Underfull \hbox (badness 10000) in paragraph at lines 75--76
[]\T1/cmr/m/n/10 SERIALLIBRTAI_-ERROR_-
 []


Underfull \hbox (badness 10000) in paragraph at lines 79--80
[]\T1/cmr/m/n/10 SERIALLIBRTAI_-ERROR_-
 []

[19


]
Underfull \hbox (badness 10000) in paragraph at lines 81--82
[]\T1/cmr/m/n/10 SERIALLIBRTAI_-ERROR_-
 []


Underfull \hbox (badness 10000) in paragraph at lines 83--84
[]\T1/cmr/m/n/10 SERIALLIBRTAI_-ERROR_-
 []


Underfull \hbox (badness 10000) in paragraph at lines 105--106
[]\T1/cmr/m/n/10 SERIALLIBRTAI_-STATUSMASK_-
 []


Underfull \hbox (badness 10000) in paragraph at lines 107--108
[]\T1/cmr/m/n/10 SERIALLIBRTAI_-STATUSMASK_-
 []


Underfull \hbox (badness 10000) in paragraph at lines 109--110
[]\T1/cmr/m/n/10 SERIALLIBRTAI_-STATUSMASK_-
 []


Underfull \hbox (badness 10000) in paragraph at lines 111--112
[]\T1/cmr/m/n/10 SERIALLIBRTAI_-STATUSMASK_-
 []


Underfull \hbox (badness 10000) in paragraph at lines 113--114
[]\T1/cmr/m/n/10 SERIALLIBRTAI_-STATUSMASK_-
 []


Underfull \hbox (badness 10000) in paragraph at lines 115--116
[]\T1/cmr/m/n/10 SERIALLIBRTAI_-STATUSMASK_-
 []


Underfull \hbox (badness 10000) in paragraph at lines 117--118
[]\T1/cmr/m/n/10 SERIALLIBRTAI_-STATUSMASK_-
 []


Underfull \hbox (badness 10000) in paragraph at lines 119--120
[]\T1/cmr/m/n/10 SERIALLIBRTAI_-STATUSMASK_-RX_-
 []

[20]) (./refman.aux (./seriallibRTAI_8h.aux)) ) 
Here is how much of TeX's memory you used:
 1749 strings out of 94501
 23498 string characters out of 1176789
 70807 words of memory out of 1000000
 4890 multiletter control sequences out of 10000+50000
 14593 words of font info for 30 fonts, out of 500000 for 2000
 580 hyphenation exceptions out of 1000
 29i,12n,43p,990b,353s stack positions out of 1500i,500n,5000p,200000b,5000s

Output written on refman.dvi (24 pages, 44204 bytes).
